{"/Users/alex/Desktop/CJ/mother-bear-court/backend/src/middleware/auth.ts": {"path":"/Users/alex/Desktop/CJ/mother-bear-court/backend/src/middleware/auth.ts","statementMap":{"0":{"start":{"line":2,"column":0},"end":{"line":2,"column":43}},"1":{"start":{"line":3,"column":0},"end":{"line":3,"column":41}},"2":{"start":{"line":4,"column":0},"end":{"line":4,"column":40}},"3":{"start":{"line":5,"column":0},"end":{"line":5,"column":53}},"4":{"start":{"line":6,"column":0},"end":{"line":6,"column":61}},"5":{"start":{"line":7,"column":0},"end":{"line":7,"column":31}},"6":{"start":{"line":8,"column":0},"end":{"line":8,"column":36}},"7":{"start":{"line":9,"column":0},"end":{"line":9,"column":38}},"8":{"start":{"line":10,"column":0},"end":{"line":10,"column":24}},"9":{"start":{"line":11,"column":0},"end":{"line":11,"column":28}},"10":{"start":{"line":12,"column":0},"end":{"line":12,"column":29}},"11":{"start":{"line":13,"column":0},"end":{"line":13,"column":73}},"12":{"start":{"line":18,"column":28},"end":{"line":55,"column":1}},"13":{"start":{"line":23,"column":2},"end":{"line":54,"column":3}},"14":{"start":{"line":25,"column":23},"end":{"line":25,"column":48}},"15":{"start":{"line":26,"column":4},"end":{"line":28,"column":5}},"16":{"start":{"line":27,"column":6},"end":{"line":27,"column":46}},"17":{"start":{"line":30,"column":18},"end":{"line":30,"column":41}},"18":{"start":{"line":33,"column":20},"end":{"line":33,"column":38}},"19":{"start":{"line":36,"column":17},"end":{"line":39,"column":6}},"20":{"start":{"line":41,"column":4},"end":{"line":43,"column":5}},"21":{"start":{"line":42,"column":6},"end":{"line":42,"column":45}},"22":{"start":{"line":46,"column":4},"end":{"line":49,"column":6}},"23":{"start":{"line":51,"column":4},"end":{"line":51,"column":11}},"24":{"start":{"line":53,"column":4},"end":{"line":53,"column":16}},"25":{"start":{"line":18,"column":13},"end":{"line":18,"column":28}},"26":{"start":{"line":60,"column":36},"end":{"line":95,"column":1}},"27":{"start":{"line":65,"column":2},"end":{"line":94,"column":3}},"28":{"start":{"line":66,"column":23},"end":{"line":66,"column":48}},"29":{"start":{"line":67,"column":4},"end":{"line":89,"column":5}},"30":{"start":{"line":68,"column":20},"end":{"line":68,"column":43}},"31":{"start":{"line":69,"column":6},"end":{"line":88,"column":7}},"32":{"start":{"line":70,"column":24},"end":{"line":70,"column":42}},"33":{"start":{"line":71,"column":21},"end":{"line":74,"column":10}},"34":{"start":{"line":76,"column":8},"end":{"line":81,"column":9}},"35":{"start":{"line":77,"column":10},"end":{"line":80,"column":12}},"36":{"start":{"line":83,"column":8},"end":{"line":87,"column":11}},"37":{"start":{"line":90,"column":4},"end":{"line":90,"column":11}},"38":{"start":{"line":92,"column":4},"end":{"line":92,"column":81}},"39":{"start":{"line":93,"column":4},"end":{"line":93,"column":11}},"40":{"start":{"line":60,"column":13},"end":{"line":60,"column":36}},"41":{"start":{"line":100,"column":31},"end":{"line":143,"column":1}},"42":{"start":{"line":105,"column":2},"end":{"line":142,"column":3}},"43":{"start":{"line":106,"column":39},"end":{"line":106,"column":67}},"44":{"start":{"line":108,"column":4},"end":{"line":110,"column":5}},"45":{"start":{"line":109,"column":6},"end":{"line":109,"column":73}},"46":{"start":{"line":112,"column":4},"end":{"line":114,"column":5}},"47":{"start":{"line":113,"column":6},"end":{"line":113,"column":41}},"48":{"start":{"line":117,"column":4},"end":{"line":119,"column":5}},"49":{"start":{"line":118,"column":6},"end":{"line":118,"column":40}},"50":{"start":{"line":122,"column":20},"end":{"line":122,"column":62}},"51":{"start":{"line":124,"column":4},"end":{"line":126,"column":5}},"52":{"start":{"line":125,"column":6},"end":{"line":125,"column":37}},"53":{"start":{"line":129,"column":4},"end":{"line":134,"column":7}},"54":{"start":{"line":137,"column":4},"end":{"line":137,"column":30}},"55":{"start":{"line":139,"column":4},"end":{"line":139,"column":11}},"56":{"start":{"line":141,"column":4},"end":{"line":141,"column":16}},"57":{"start":{"line":100,"column":13},"end":{"line":100,"column":31}},"58":{"start":{"line":151,"column":30},"end":{"line":300,"column":1}},"59":{"start":{"line":156,"column":2},"end":{"line":299,"column":3}},"60":{"start":{"line":158,"column":4},"end":{"line":164,"column":5}},"61":{"start":{"line":159,"column":22},"end":{"line":159,"column":95}},"62":{"start":{"line":159,"column":69},"end":{"line":159,"column":78}},"63":{"start":{"line":160,"column":6},"end":{"line":163,"column":7}},"64":{"start":{"line":161,"column":8},"end":{"line":161,"column":92}},"65":{"start":{"line":162,"column":8},"end":{"line":162,"column":47}},"66":{"start":{"line":167,"column":4},"end":{"line":170,"column":5}},"67":{"start":{"line":168,"column":6},"end":{"line":168,"column":58}},"68":{"start":{"line":169,"column":6},"end":{"line":169,"column":55}},"69":{"start":{"line":173,"column":4},"end":{"line":187,"column":5}},"70":{"start":{"line":175,"column":6},"end":{"line":177,"column":7}},"71":{"start":{"line":176,"column":8},"end":{"line":176,"column":53}},"72":{"start":{"line":179,"column":27},"end":{"line":182,"column":24}},"73":{"start":{"line":181,"column":18},"end":{"line":181,"column":26}},"74":{"start":{"line":183,"column":6},"end":{"line":185,"column":7}},"75":{"start":{"line":183,"column":61},"end":{"line":183,"column":83}},"76":{"start":{"line":184,"column":8},"end":{"line":184,"column":74}},"77":{"start":{"line":186,"column":6},"end":{"line":186,"column":20}},"78":{"start":{"line":190,"column":19},"end":{"line":190,"column":58}},"79":{"start":{"line":191,"column":4},"end":{"line":238,"column":5}},"80":{"start":{"line":192,"column":6},"end":{"line":237,"column":7}},"81":{"start":{"line":193,"column":24},"end":{"line":193,"column":64}},"82":{"start":{"line":194,"column":30},"end":{"line":197,"column":12}},"83":{"start":{"line":195,"column":20},"end":{"line":195,"column":75}},"84":{"start":{"line":196,"column":10},"end":{"line":196,"column":67}},"85":{"start":{"line":196,"column":16},"end":{"line":196,"column":45}},"86":{"start":{"line":196,"column":56},"end":{"line":196,"column":65}},"87":{"start":{"line":198,"column":30},"end":{"line":198,"column":58}},"88":{"start":{"line":199,"column":21},"end":{"line":199,"column":86}},"89":{"start":{"line":200,"column":26},"end":{"line":200,"column":88}},"90":{"start":{"line":202,"column":8},"end":{"line":234,"column":9}},"91":{"start":{"line":204,"column":10},"end":{"line":229,"column":11}},"92":{"start":{"line":205,"column":12},"end":{"line":228,"column":13}},"93":{"start":{"line":206,"column":33},"end":{"line":208,"column":58}},"94":{"start":{"line":209,"column":27},"end":{"line":209,"column":74}},"95":{"start":{"line":210,"column":14},"end":{"line":213,"column":15}},"96":{"start":{"line":212,"column":16},"end":{"line":212,"column":51}},"97":{"start":{"line":215,"column":14},"end":{"line":225,"column":15}},"98":{"start":{"line":216,"column":16},"end":{"line":224,"column":17}},"99":{"start":{"line":217,"column":34},"end":{"line":217,"column":85}},"100":{"start":{"line":218,"column":38},"end":{"line":218,"column":95}},"101":{"start":{"line":219,"column":18},"end":{"line":221,"column":19}},"102":{"start":{"line":220,"column":20},"end":{"line":220,"column":55}},"103":{"start":{"line":223,"column":18},"end":{"line":223,"column":53}},"104":{"start":{"line":227,"column":14},"end":{"line":227,"column":49}},"105":{"start":{"line":230,"column":10},"end":{"line":232,"column":11}},"106":{"start":{"line":231,"column":12},"end":{"line":231,"column":102}},"107":{"start":{"line":233,"column":10},"end":{"line":233,"column":24}},"108":{"start":{"line":240,"column":26},"end":{"line":243,"column":8}},"109":{"start":{"line":241,"column":16},"end":{"line":241,"column":71}},"110":{"start":{"line":242,"column":6},"end":{"line":242,"column":63}},"111":{"start":{"line":242,"column":12},"end":{"line":242,"column":41}},"112":{"start":{"line":242,"column":52},"end":{"line":242,"column":61}},"113":{"start":{"line":244,"column":26},"end":{"line":244,"column":54}},"114":{"start":{"line":245,"column":4},"end":{"line":247,"column":5}},"115":{"start":{"line":246,"column":6},"end":{"line":246,"column":44}},"116":{"start":{"line":250,"column":39},"end":{"line":250,"column":67}},"117":{"start":{"line":251,"column":4},"end":{"line":253,"column":5}},"118":{"start":{"line":252,"column":6},"end":{"line":252,"column":73}},"119":{"start":{"line":256,"column":4},"end":{"line":271,"column":5}},"120":{"start":{"line":257,"column":22},"end":{"line":257,"column":64}},"121":{"start":{"line":258,"column":6},"end":{"line":270,"column":7}},"122":{"start":{"line":259,"column":25},"end":{"line":265,"column":10}},"123":{"start":{"line":266,"column":8},"end":{"line":269,"column":9}},"124":{"start":{"line":267,"column":10},"end":{"line":267,"column":36}},"125":{"start":{"line":268,"column":10},"end":{"line":268,"column":24}},"126":{"start":{"line":274,"column":4},"end":{"line":289,"column":5}},"127":{"start":{"line":275,"column":23},"end":{"line":285,"column":8}},"128":{"start":{"line":286,"column":6},"end":{"line":288,"column":7}},"129":{"start":{"line":287,"column":8},"end":{"line":287,"column":22}},"130":{"start":{"line":291,"column":4},"end":{"line":295,"column":7}},"131":{"start":{"line":296,"column":4},"end":{"line":296,"column":42}},"132":{"start":{"line":298,"column":4},"end":{"line":298,"column":16}},"133":{"start":{"line":151,"column":13},"end":{"line":151,"column":30}}},"fnMap":{"0":{"name":"(anonymous_1)","decl":{"start":{"line":18,"column":28},"end":{"line":18,"column":33}},"loc":{"start":{"line":22,"column":19},"end":{"line":55,"column":1}}},"1":{"name":"(anonymous_2)","decl":{"start":{"line":60,"column":36},"end":{"line":60,"column":41}},"loc":{"start":{"line":64,"column":19},"end":{"line":95,"column":1}}},"2":{"name":"(anonymous_3)","decl":{"start":{"line":100,"column":31},"end":{"line":100,"column":36}},"loc":{"start":{"line":104,"column":19},"end":{"line":143,"column":1}}},"3":{"name":"(anonymous_4)","decl":{"start":{"line":132,"column":13},"end":{"line":132,"column":16}},"loc":{"start":{"line":132,"column":18},"end":{"line":134,"column":5}}},"4":{"name":"(anonymous_5)","decl":{"start":{"line":151,"column":30},"end":{"line":151,"column":35}},"loc":{"start":{"line":155,"column":19},"end":{"line":300,"column":1}}},"5":{"name":"(anonymous_6)","decl":{"start":{"line":159,"column":63},"end":{"line":159,"column":65}},"loc":{"start":{"line":159,"column":69},"end":{"line":159,"column":78}}},"6":{"name":"(anonymous_7)","decl":{"start":{"line":181,"column":13},"end":{"line":181,"column":14}},"loc":{"start":{"line":181,"column":18},"end":{"line":181,"column":26}}},"7":{"name":"(anonymous_8)","decl":{"start":{"line":183,"column":56},"end":{"line":183,"column":57}},"loc":{"start":{"line":183,"column":61},"end":{"line":183,"column":83}}},"8":{"name":"(anonymous_9)","decl":{"start":{"line":194,"column":31},"end":{"line":194,"column":34}},"loc":{"start":{"line":194,"column":36},"end":{"line":197,"column":9}}},"9":{"name":"(anonymous_10)","decl":{"start":{"line":240,"column":27},"end":{"line":240,"column":30}},"loc":{"start":{"line":240,"column":32},"end":{"line":243,"column":5}}}},"branchMap":{"0":{"loc":{"start":{"line":26,"column":4},"end":{"line":28,"column":5}},"type":"if","locations":[{"start":{"line":26,"column":4},"end":{"line":28,"column":5}}]},"1":{"loc":{"start":{"line":26,"column":8},"end":{"line":26,"column":56}},"type":"binary-expr","locations":[{"start":{"line":26,"column":8},"end":{"line":26,"column":19}},{"start":{"line":26,"column":23},"end":{"line":26,"column":56}}]},"2":{"loc":{"start":{"line":41,"column":4},"end":{"line":43,"column":5}},"type":"if","locations":[{"start":{"line":41,"column":4},"end":{"line":43,"column":5}}]},"3":{"loc":{"start":{"line":41,"column":8},"end":{"line":41,"column":32}},"type":"binary-expr","locations":[{"start":{"line":41,"column":8},"end":{"line":41,"column":13}},{"start":{"line":41,"column":17},"end":{"line":41,"column":32}}]},"4":{"loc":{"start":{"line":67,"column":4},"end":{"line":89,"column":5}},"type":"if","locations":[{"start":{"line":67,"column":4},"end":{"line":89,"column":5}}]},"5":{"loc":{"start":{"line":67,"column":8},"end":{"line":67,"column":54}},"type":"binary-expr","locations":[{"start":{"line":67,"column":8},"end":{"line":67,"column":18}},{"start":{"line":67,"column":22},"end":{"line":67,"column":54}}]},"6":{"loc":{"start":{"line":76,"column":8},"end":{"line":81,"column":9}},"type":"if","locations":[{"start":{"line":76,"column":8},"end":{"line":81,"column":9}}]},"7":{"loc":{"start":{"line":76,"column":12},"end":{"line":76,"column":34}},"type":"binary-expr","locations":[{"start":{"line":76,"column":12},"end":{"line":76,"column":16}},{"start":{"line":76,"column":20},"end":{"line":76,"column":34}}]},"8":{"loc":{"start":{"line":108,"column":4},"end":{"line":110,"column":5}},"type":"if","locations":[{"start":{"line":108,"column":4},"end":{"line":110,"column":5}}]},"9":{"loc":{"start":{"line":112,"column":4},"end":{"line":114,"column":5}},"type":"if","locations":[{"start":{"line":112,"column":4},"end":{"line":114,"column":5}}]},"10":{"loc":{"start":{"line":117,"column":4},"end":{"line":119,"column":5}},"type":"if","locations":[{"start":{"line":117,"column":4},"end":{"line":119,"column":5}}]},"11":{"loc":{"start":{"line":124,"column":4},"end":{"line":126,"column":5}},"type":"if","locations":[{"start":{"line":124,"column":4},"end":{"line":126,"column":5}}]},"12":{"loc":{"start":{"line":158,"column":4},"end":{"line":164,"column":5}},"type":"if","locations":[{"start":{"line":158,"column":4},"end":{"line":164,"column":5}}]},"13":{"loc":{"start":{"line":160,"column":6},"end":{"line":163,"column":7}},"type":"if","locations":[{"start":{"line":160,"column":6},"end":{"line":163,"column":7}}]},"14":{"loc":{"start":{"line":160,"column":27},"end":{"line":160,"column":39}},"type":"binary-expr","locations":[{"start":{"line":160,"column":27},"end":{"line":160,"column":33}},{"start":{"line":160,"column":37},"end":{"line":160,"column":39}}]},"15":{"loc":{"start":{"line":167,"column":4},"end":{"line":170,"column":5}},"type":"if","locations":[{"start":{"line":167,"column":4},"end":{"line":170,"column":5}}]},"16":{"loc":{"start":{"line":167,"column":8},"end":{"line":167,"column":84}},"type":"binary-expr","locations":[{"start":{"line":167,"column":8},"end":{"line":167,"column":37}},{"start":{"line":167,"column":41},"end":{"line":167,"column":84}}]},"17":{"loc":{"start":{"line":173,"column":4},"end":{"line":187,"column":5}},"type":"if","locations":[{"start":{"line":173,"column":4},"end":{"line":187,"column":5}}]},"18":{"loc":{"start":{"line":175,"column":6},"end":{"line":177,"column":7}},"type":"if","locations":[{"start":{"line":175,"column":6},"end":{"line":177,"column":7}}]},"19":{"loc":{"start":{"line":179,"column":28},"end":{"line":179,"column":65}},"type":"binary-expr","locations":[{"start":{"line":179,"column":28},"end":{"line":179,"column":59}},{"start":{"line":179,"column":63},"end":{"line":179,"column":65}}]},"20":{"loc":{"start":{"line":183,"column":6},"end":{"line":185,"column":7}},"type":"if","locations":[{"start":{"line":183,"column":6},"end":{"line":185,"column":7}}]},"21":{"loc":{"start":{"line":183,"column":10},"end":{"line":183,"column":84}},"type":"binary-expr","locations":[{"start":{"line":183,"column":10},"end":{"line":183,"column":33}},{"start":{"line":183,"column":37},"end":{"line":183,"column":84}}]},"22":{"loc":{"start":{"line":190,"column":19},"end":{"line":190,"column":58}},"type":"binary-expr","locations":[{"start":{"line":190,"column":19},"end":{"line":190,"column":45}},{"start":{"line":190,"column":49},"end":{"line":190,"column":58}}]},"23":{"loc":{"start":{"line":191,"column":4},"end":{"line":238,"column":5}},"type":"if","locations":[{"start":{"line":191,"column":4},"end":{"line":238,"column":5}}]},"24":{"loc":{"start":{"line":195,"column":20},"end":{"line":195,"column":75}},"type":"cond-expr","locations":[{"start":{"line":195,"column":47},"end":{"line":195,"column":64}},{"start":{"line":195,"column":67},"end":{"line":195,"column":75}}]},"25":{"loc":{"start":{"line":199,"column":56},"end":{"line":199,"column":71}},"type":"binary-expr","locations":[{"start":{"line":199,"column":56},"end":{"line":199,"column":65}},{"start":{"line":199,"column":69},"end":{"line":199,"column":71}}]},"26":{"loc":{"start":{"line":200,"column":26},"end":{"line":200,"column":88}},"type":"cond-expr","locations":[{"start":{"line":200,"column":59},"end":{"line":200,"column":83}},{"start":{"line":200,"column":86},"end":{"line":200,"column":88}}]},"27":{"loc":{"start":{"line":202,"column":8},"end":{"line":234,"column":9}},"type":"if","locations":[{"start":{"line":202,"column":8},"end":{"line":234,"column":9}}]},"28":{"loc":{"start":{"line":202,"column":12},"end":{"line":202,"column":74}},"type":"binary-expr","locations":[{"start":{"line":202,"column":12},"end":{"line":202,"column":21}},{"start":{"line":202,"column":25},"end":{"line":202,"column":43}},{"start":{"line":202,"column":47},"end":{"line":202,"column":74}}]},"29":{"loc":{"start":{"line":204,"column":10},"end":{"line":229,"column":11}},"type":"if","locations":[{"start":{"line":204,"column":10},"end":{"line":229,"column":11}}]},"30":{"loc":{"start":{"line":204,"column":14},"end":{"line":204,"column":36}},"type":"binary-expr","locations":[{"start":{"line":204,"column":14},"end":{"line":204,"column":23}},{"start":{"line":204,"column":27},"end":{"line":204,"column":36}}]},"31":{"loc":{"start":{"line":206,"column":33},"end":{"line":208,"column":58}},"type":"cond-expr","locations":[{"start":{"line":207,"column":18},"end":{"line":207,"column":32}},{"start":{"line":208,"column":18},"end":{"line":208,"column":58}}]},"32":{"loc":{"start":{"line":210,"column":14},"end":{"line":213,"column":15}},"type":"if","locations":[{"start":{"line":210,"column":14},"end":{"line":213,"column":15}}]},"33":{"loc":{"start":{"line":210,"column":18},"end":{"line":211,"column":71}},"type":"binary-expr","locations":[{"start":{"line":210,"column":19},"end":{"line":210,"column":28}},{"start":{"line":210,"column":32},"end":{"line":210,"column":55}},{"start":{"line":211,"column":19},"end":{"line":211,"column":28}},{"start":{"line":211,"column":32},"end":{"line":211,"column":70}}]},"34":{"loc":{"start":{"line":215,"column":14},"end":{"line":225,"column":15}},"type":"if","locations":[{"start":{"line":215,"column":14},"end":{"line":225,"column":15}}]},"35":{"loc":{"start":{"line":219,"column":18},"end":{"line":221,"column":19}},"type":"if","locations":[{"start":{"line":219,"column":18},"end":{"line":221,"column":19}}]},"36":{"loc":{"start":{"line":230,"column":10},"end":{"line":232,"column":11}},"type":"if","locations":[{"start":{"line":230,"column":10},"end":{"line":232,"column":11}}]},"37":{"loc":{"start":{"line":241,"column":16},"end":{"line":241,"column":71}},"type":"cond-expr","locations":[{"start":{"line":241,"column":43},"end":{"line":241,"column":60}},{"start":{"line":241,"column":63},"end":{"line":241,"column":71}}]},"38":{"loc":{"start":{"line":245,"column":4},"end":{"line":247,"column":5}},"type":"if","locations":[{"start":{"line":245,"column":4},"end":{"line":247,"column":5}}]},"39":{"loc":{"start":{"line":251,"column":4},"end":{"line":253,"column":5}},"type":"if","locations":[{"start":{"line":251,"column":4},"end":{"line":253,"column":5}}]},"40":{"loc":{"start":{"line":256,"column":4},"end":{"line":271,"column":5}},"type":"if","locations":[{"start":{"line":256,"column":4},"end":{"line":271,"column":5}}]},"41":{"loc":{"start":{"line":256,"column":8},"end":{"line":256,"column":49}},"type":"binary-expr","locations":[{"start":{"line":256,"column":8},"end":{"line":256,"column":17}},{"start":{"line":256,"column":21},"end":{"line":256,"column":49}}]},"42":{"loc":{"start":{"line":258,"column":6},"end":{"line":270,"column":7}},"type":"if","locations":[{"start":{"line":258,"column":6},"end":{"line":270,"column":7}}]},"43":{"loc":{"start":{"line":266,"column":8},"end":{"line":269,"column":9}},"type":"if","locations":[{"start":{"line":266,"column":8},"end":{"line":269,"column":9}}]},"44":{"loc":{"start":{"line":274,"column":4},"end":{"line":289,"column":5}},"type":"if","locations":[{"start":{"line":274,"column":4},"end":{"line":289,"column":5}}]},"45":{"loc":{"start":{"line":286,"column":6},"end":{"line":288,"column":7}},"type":"if","locations":[{"start":{"line":286,"column":6},"end":{"line":288,"column":7}}]}},"s":{"0":1,"1":1,"2":1,"3":1,"4":1,"5":1,"6":1,"7":1,"8":1,"9":1,"10":1,"11":1,"12":1,"13":6,"14":6,"15":6,"16":2,"17":4,"18":4,"19":3,"20":3,"21":2,"22":1,"23":1,"24":5,"25":1,"26":1,"27":6,"28":6,"29":6,"30":4,"31":4,"32":4,"33":3,"34":3,"35":1,"36":1,"37":6,"38":1,"39":1,"40":1,"41":1,"42":7,"43":7,"44":7,"45":1,"46":6,"47":1,"48":5,"49":1,"50":4,"51":4,"52":1,"53":3,"54":3,"55":3,"56":4,"57":1,"58":1,"59":21,"60":21,"61":19,"62":20,"63":19,"64":1,"65":1,"66":20,"67":1,"68":1,"69":19,"70":4,"71":1,"72":3,"73":4,"74":3,"75":2,"76":1,"77":2,"78":15,"79":15,"80":9,"81":9,"82":8,"83":8,"84":8,"85":8,"86":0,"87":8,"88":8,"89":8,"90":8,"91":7,"92":4,"93":4,"94":4,"95":4,"96":1,"97":3,"98":3,"99":3,"100":2,"101":2,"102":1,"103":2,"104":3,"105":4,"106":4,"107":4,"108":11,"109":11,"110":11,"111":11,"112":1,"113":11,"114":11,"115":1,"116":10,"117":10,"118":1,"119":9,"120":1,"121":1,"122":1,"123":1,"124":1,"125":1,"126":8,"127":1,"128":1,"129":1,"130":7,"131":7,"132":9,"133":1},"f":{"0":6,"1":6,"2":7,"3":1,"4":21,"5":20,"6":4,"7":2,"8":8,"9":11},"b":{"0":[2],"1":[6,5],"2":[2],"3":[3,2],"4":[4],"5":[6,4],"6":[1],"7":[3,2],"8":[1],"9":[1],"10":[1],"11":[1],"12":[19],"13":[1],"14":[19,1],"15":[1],"16":[20,1],"17":[4],"18":[1],"19":[3,1],"20":[1],"21":[3,2],"22":[15,6],"23":[9],"24":[7,1],"25":[8,1],"26":[7,1],"27":[7],"28":[8,7,7],"29":[4],"30":[7,3],"31":[1,3],"32":[1],"33":[4,4,3,3],"34":[3],"35":[1],"36":[4],"37":[10,1],"38":[1],"39":[1],"40":[1],"41":[9,1],"42":[1],"43":[1],"44":[1],"45":[1]}}
}
