TN:
SF:src/controllers/case.controller.ts
FN:12,(anonymous_1)
FN:27,(anonymous_2)
FN:48,(anonymous_3)
FN:54,(anonymous_4)
FN:71,(anonymous_5)
FN:94,(anonymous_6)
FN:130,(anonymous_7)
FN:168,(anonymous_8)
FN:195,(anonymous_9)
FN:203,(anonymous_10)
FN:220,(anonymous_11)
FNF:11
FNH:11
FNDA:5,(anonymous_1)
FNDA:1,(anonymous_2)
FNDA:4,(anonymous_3)
FNDA:1,(anonymous_4)
FNDA:3,(anonymous_5)
FNDA:4,(anonymous_6)
FNDA:4,(anonymous_7)
FNDA:2,(anonymous_8)
FNDA:3,(anonymous_9)
FNDA:1,(anonymous_10)
FNDA:2,(anonymous_11)
DA:2,1
DA:3,1
DA:4,1
DA:5,1
DA:6,1
DA:8,1
DA:13,5
DA:14,5
DA:15,5
DA:16,1
DA:20,4
DA:22,3
DA:23,3
DA:24,3
DA:27,3
DA:28,1
DA:31,3
DA:41,2
DA:49,4
DA:50,4
DA:51,4
DA:54,2
DA:55,1
DA:58,2
DA:64,2
DA:72,3
DA:73,3
DA:74,3
DA:75,3
DA:76,3
DA:77,1
DA:80,2
DA:82,1
DA:87,2
DA:95,4
DA:96,4
DA:97,4
DA:98,1
DA:101,3
DA:102,1
DA:105,2
DA:107,2
DA:108,1
DA:115,1
DA:118,1
DA:123,2
DA:131,4
DA:132,4
DA:133,4
DA:134,4
DA:135,4
DA:136,1
DA:139,3
DA:145,2
DA:146,1
DA:153,1
DA:156,1
DA:161,2
DA:169,2
DA:170,2
DA:171,2
DA:181,2
DA:183,1
DA:188,1
DA:196,3
DA:197,3
DA:198,3
DA:200,3
DA:203,2
DA:204,1
DA:207,2
DA:213,1
DA:221,2
DA:222,2
DA:223,2
DA:225,2
DA:227,1
DA:233,1
DA:238,1
LF:79
LH:79
BRDA:15,0,0,1
BRDA:20,1,0,4
BRDA:20,1,1,2
BRDA:24,2,0,3
BRDA:24,2,1,2
BRDA:36,3,0,1
BRDA:36,3,1,2
BRDA:76,4,0,1
BRDA:97,5,0,1
BRDA:101,6,0,1
BRDA:107,7,0,1
BRDA:135,8,0,1
BRDA:145,9,0,1
BRDA:174,10,0,1
BRDA:174,10,1,1
BRDA:175,11,0,1
BRDA:175,11,1,1
BRF:17
BRH:17
end_of_record
TN:
SF:src/controllers/evidence.controller.ts
FN:10,(anonymous_1)
FN:11,(anonymous_2)
FN:62,(anonymous_3)
FN:72,(anonymous_4)
FN:93,(anonymous_5)
FN:112,(anonymous_6)
FN:130,(anonymous_7)
FN:144,(anonymous_8)
FN:157,(anonymous_9)
FN:198,(anonymous_10)
FNF:10
FNH:10
FNDA:28,(anonymous_1)
FNDA:14,(anonymous_2)
FNDA:9,(anonymous_3)
FNDA:7,(anonymous_4)
FNDA:5,(anonymous_5)
FNDA:2,(anonymous_6)
FNDA:2,(anonymous_7)
FNDA:5,(anonymous_8)
FNDA:11,(anonymous_9)
FNDA:5,(anonymous_10)
DA:2,1
DA:3,1
DA:4,1
DA:5,1
DA:6,1
DA:7,1
DA:8,1
DA:10,1
DA:11,28
DA:12,14
DA:13,14
DA:14,14
DA:15,14
DA:17,14
DA:18,1
DA:21,13
DA:25,13
DA:26,1
DA:29,12
DA:30,10
DA:31,1
DA:33,9
DA:34,9
DA:35,1
DA:38,2
DA:39,1
DA:41,1
DA:42,1
DA:46,8
DA:47,1
DA:50,7
DA:52,7
DA:59,28
DA:63,9
DA:64,9
DA:65,9
DA:66,9
DA:67,9
DA:68,9
DA:69,9
DA:70,1
DA:72,8
DA:74,8
DA:75,2
DA:78,6
DA:79,6
DA:81,7
DA:83,6
DA:84,6
DA:85,5
DA:86,1
DA:87,1
DA:89,6
DA:90,6
DA:93,5
DA:94,5
DA:98,5
DA:99,1
DA:101,4
DA:102,1
DA:105,3
DA:108,3
DA:109,1
DA:112,2
DA:113,2
DA:114,2
DA:115,2
DA:124,2
DA:126,2
DA:130,2
DA:135,2
DA:137,2
DA:143,7
DA:144,5
DA:146,7
DA:152,1
DA:157,1
DA:158,11
DA:159,11
DA:160,11
DA:161,11
DA:162,11
DA:163,11
DA:164,1
DA:167,10
DA:174,10
DA:175,1
DA:177,9
DA:178,1
DA:181,8
DA:184,8
DA:185,7
DA:186,1
DA:188,6
DA:189,6
DA:192,1
DA:193,1
DA:198,5
DA:199,5
DA:200,5
DA:202,2
DA:205,5
DA:206,3
DA:210,5
DA:212,4
DA:218,7
LF:106
LH:106
BRDA:17,0,0,1
BRDA:25,1,0,1
BRDA:29,2,0,10
BRDA:29,2,1,2
BRDA:30,3,0,1
BRDA:30,4,0,10
BRDA:30,4,1,9
BRDA:34,5,0,1
BRDA:38,6,0,1
BRDA:41,7,0,1
BRDA:41,8,0,1
BRDA:41,8,1,1
BRDA:46,9,0,1
BRDA:69,10,0,1
BRDA:72,11,0,8
BRDA:72,11,1,1
BRDA:74,12,0,2
BRDA:74,13,0,8
BRDA:74,13,1,7
BRDA:84,14,0,5
BRDA:84,14,1,1
BRDA:86,15,0,1
BRDA:98,16,0,1
BRDA:101,17,0,1
BRDA:108,18,0,1
BRDA:118,19,0,2
BRDA:118,19,1,2
BRDA:120,20,0,1
BRDA:120,20,1,1
BRDA:143,21,0,4
BRDA:163,22,0,1
BRDA:174,23,0,1
BRDA:177,24,0,1
BRDA:184,25,0,7
BRDA:184,25,1,1
BRDA:185,26,0,1
BRDA:185,27,0,7
BRDA:185,27,1,7
BRDA:189,28,0,1
BRDA:192,29,0,1
BRDA:192,30,0,1
BRDA:192,30,1,1
BRDA:192,30,2,1
BRDA:200,31,0,5
BRDA:200,31,1,1
BRDA:202,32,0,2
BRDA:202,32,1,1
BRDA:205,33,0,3
BRF:48
BRH:48
end_of_record
TN:
SF:src/controllers/judgment.controller.ts
FN:10,(anonymous_9)
FN:33,(anonymous_10)
FN:38,(anonymous_11)
FN:83,(anonymous_12)
FNF:4
FNH:4
FNDA:4,(anonymous_9)
FNDA:4,(anonymous_10)
FNDA:4,(anonymous_11)
FNDA:3,(anonymous_12)
DA:2,1
DA:3,1
DA:4,1
DA:6,1
DA:11,4
DA:12,4
DA:13,4
DA:14,4
DA:15,4
DA:16,1
DA:18,3
DA:20,2
DA:26,2
DA:34,4
DA:35,4
DA:38,4
DA:39,4
DA:44,4
DA:45,1
DA:48,3
DA:49,3
DA:50,3
DA:51,1
DA:54,2
DA:60,2
DA:61,1
DA:68,1
DA:71,1
DA:76,2
DA:84,3
DA:85,3
DA:86,3
DA:87,3
DA:89,3
DA:96,2
DA:102,1
DA:107,1
LF:37
LH:37
BRDA:15,0,0,1
BRDA:44,1,0,1
BRDA:50,2,0,1
BRDA:60,3,0,1
BRDA:99,4,0,1
BRDA:99,4,1,1
BRF:6
BRH:6
end_of_record
TN:
SF:src/controllers/session.controller.ts
FN:10,(anonymous_0)
FN:27,(anonymous_1)
FNF:2
FNH:2
FNDA:2,(anonymous_0)
FNDA:3,(anonymous_1)
DA:2,1
DA:3,1
DA:4,1
DA:6,1
DA:11,2
DA:12,2
DA:14,1
DA:20,1
DA:28,3
DA:29,3
DA:30,3
DA:31,1
DA:34,2
DA:36,1
DA:42,2
DA:47,1
LF:16
LH:16
BRDA:30,0,0,1
BRF:1
BRH:1
end_of_record
TN:
SF:src/middleware/auth.ts
FN:18,(anonymous_1)
FN:60,(anonymous_2)
FN:100,(anonymous_3)
FN:132,(anonymous_4)
FN:151,(anonymous_5)
FN:159,(anonymous_6)
FN:181,(anonymous_7)
FN:183,(anonymous_8)
FN:194,(anonymous_9)
FN:240,(anonymous_10)
FNF:10
FNH:10
FNDA:6,(anonymous_1)
FNDA:6,(anonymous_2)
FNDA:7,(anonymous_3)
FNDA:1,(anonymous_4)
FNDA:21,(anonymous_5)
FNDA:20,(anonymous_6)
FNDA:4,(anonymous_7)
FNDA:2,(anonymous_8)
FNDA:8,(anonymous_9)
FNDA:11,(anonymous_10)
DA:2,1
DA:3,1
DA:4,1
DA:5,1
DA:6,1
DA:7,1
DA:8,1
DA:9,1
DA:10,1
DA:11,1
DA:12,1
DA:13,1
DA:18,1
DA:23,6
DA:25,6
DA:26,6
DA:27,2
DA:30,4
DA:33,4
DA:36,3
DA:41,3
DA:42,2
DA:46,1
DA:51,1
DA:53,5
DA:60,1
DA:65,6
DA:66,6
DA:67,6
DA:68,4
DA:69,4
DA:70,4
DA:71,3
DA:76,3
DA:77,1
DA:83,1
DA:90,6
DA:92,1
DA:93,1
DA:100,1
DA:105,7
DA:106,7
DA:108,7
DA:109,1
DA:112,6
DA:113,1
DA:117,5
DA:118,1
DA:122,4
DA:124,4
DA:125,1
DA:129,3
DA:137,3
DA:139,3
DA:141,4
DA:151,1
DA:156,21
DA:158,21
DA:159,20
DA:160,19
DA:161,1
DA:162,1
DA:167,20
DA:168,1
DA:169,1
DA:173,19
DA:175,4
DA:176,1
DA:179,3
DA:181,4
DA:183,3
DA:184,1
DA:186,2
DA:190,15
DA:191,15
DA:192,9
DA:193,9
DA:194,8
DA:195,8
DA:196,8
DA:198,8
DA:199,8
DA:200,8
DA:202,8
DA:204,7
DA:205,4
DA:206,4
DA:209,4
DA:210,4
DA:212,1
DA:215,3
DA:216,3
DA:217,3
DA:218,2
DA:219,2
DA:220,1
DA:223,2
DA:227,3
DA:230,4
DA:231,4
DA:233,4
DA:240,11
DA:241,11
DA:242,11
DA:244,11
DA:245,11
DA:246,1
DA:250,10
DA:251,10
DA:252,1
DA:256,9
DA:257,1
DA:258,1
DA:259,1
DA:266,1
DA:267,1
DA:268,1
DA:274,8
DA:275,1
DA:286,1
DA:287,1
DA:291,7
DA:296,7
DA:298,9
LF:124
LH:124
BRDA:26,0,0,2
BRDA:26,1,0,6
BRDA:26,1,1,5
BRDA:41,2,0,2
BRDA:41,3,0,3
BRDA:41,3,1,2
BRDA:67,4,0,4
BRDA:67,5,0,6
BRDA:67,5,1,4
BRDA:76,6,0,1
BRDA:76,7,0,3
BRDA:76,7,1,2
BRDA:108,8,0,1
BRDA:112,9,0,1
BRDA:117,10,0,1
BRDA:124,11,0,1
BRDA:158,12,0,19
BRDA:160,13,0,1
BRDA:160,14,0,19
BRDA:160,14,1,1
BRDA:167,15,0,1
BRDA:167,16,0,20
BRDA:167,16,1,1
BRDA:173,17,0,4
BRDA:175,18,0,1
BRDA:179,19,0,3
BRDA:179,19,1,1
BRDA:183,20,0,1
BRDA:183,21,0,3
BRDA:183,21,1,2
BRDA:190,22,0,15
BRDA:190,22,1,6
BRDA:191,23,0,9
BRDA:195,24,0,7
BRDA:195,24,1,1
BRDA:199,25,0,8
BRDA:199,25,1,1
BRDA:200,26,0,7
BRDA:200,26,1,1
BRDA:202,27,0,7
BRDA:202,28,0,8
BRDA:202,28,1,7
BRDA:202,28,2,7
BRDA:204,29,0,4
BRDA:204,30,0,7
BRDA:204,30,1,3
BRDA:206,31,0,1
BRDA:206,31,1,3
BRDA:210,32,0,1
BRDA:210,33,0,4
BRDA:210,33,1,4
BRDA:210,33,2,3
BRDA:210,33,3,3
BRDA:215,34,0,3
BRDA:219,35,0,1
BRDA:230,36,0,4
BRDA:241,37,0,10
BRDA:241,37,1,1
BRDA:245,38,0,1
BRDA:251,39,0,1
BRDA:256,40,0,1
BRDA:256,41,0,9
BRDA:256,41,1,1
BRDA:258,42,0,1
BRDA:266,43,0,1
BRDA:274,44,0,1
BRDA:286,45,0,1
BRF:67
BRH:67
end_of_record
TN:
SF:src/middleware/rateLimiter.ts
FN:12,(anonymous_1)
FN:36,(anonymous_2)
FN:54,(anonymous_3)
FN:71,(anonymous_4)
FN:80,(anonymous_5)
FN:91,(anonymous_6)
FN:100,(anonymous_7)
FN:113,(anonymous_8)
FN:122,(anonymous_9)
FN:135,(anonymous_10)
FN:143,(anonymous_11)
FN:152,(anonymous_12)
FNF:12
FNH:12
FNDA:21,(anonymous_1)
FNDA:2,(anonymous_2)
FNDA:2,(anonymous_3)
FNDA:8,(anonymous_4)
FNDA:2,(anonymous_5)
FNDA:3,(anonymous_6)
FNDA:3,(anonymous_7)
FNDA:4,(anonymous_8)
FNDA:3,(anonymous_9)
FNDA:4,(anonymous_10)
FNDA:2,(anonymous_11)
FNDA:3,(anonymous_12)
DA:1,3
DA:3,3
DA:4,3
DA:7,3
DA:8,3
DA:12,3
DA:13,21
DA:14,21
DA:19,3
DA:20,3
DA:36,2
DA:41,3
DA:42,3
DA:54,2
DA:59,3
DA:60,3
DA:71,8
DA:76,3
DA:77,3
DA:81,2
DA:91,3
DA:96,3
DA:97,3
DA:101,3
DA:102,3
DA:113,4
DA:118,3
DA:119,3
DA:123,3
DA:124,3
DA:125,3
DA:135,4
DA:139,3
DA:140,3
DA:143,2
DA:152,3
LF:36
LH:36
BRDA:13,0,0,14
BRDA:13,0,1,7
BRDA:34,1,0,1
BRDA:34,1,1,2
BRDA:36,2,0,2
BRDA:36,2,1,1
BRDA:53,3,0,1
BRDA:53,3,1,2
BRDA:54,4,0,2
BRDA:54,4,1,1
BRDA:70,5,0,1
BRDA:70,5,1,2
BRDA:71,6,0,8
BRDA:71,6,1,1
BRDA:81,7,0,2
BRDA:81,7,1,1
BRDA:90,8,0,1
BRDA:90,8,1,2
BRDA:91,9,0,3
BRDA:91,9,1,1
BRDA:102,10,0,3
BRDA:102,10,1,2
BRDA:102,10,2,1
BRDA:112,11,0,1
BRDA:112,11,1,2
BRDA:113,12,0,4
BRDA:113,12,1,1
BRDA:125,13,0,3
BRDA:125,13,1,3
BRDA:125,13,2,2
BRDA:125,13,3,1
BRDA:134,14,0,1
BRDA:134,14,1,2
BRDA:135,15,0,4
BRDA:135,15,1,1
BRDA:143,16,0,2
BRDA:143,16,1,1
BRDA:151,17,0,1
BRDA:151,17,1,2
BRDA:152,18,0,3
BRDA:152,18,1,1
BRF:41
BRH:41
end_of_record
TN:
SF:src/services/case.service.ts
FN:91,(anonymous_11)
FN:120,(anonymous_12)
FN:139,(anonymous_13)
FN:158,(anonymous_14)
FN:160,(anonymous_15)
FN:173,(anonymous_16)
FN:265,(anonymous_17)
FN:333,(anonymous_18)
FN:352,(anonymous_19)
FN:381,(anonymous_20)
FN:382,(anonymous_21)
FN:392,(anonymous_22)
FN:465,(anonymous_23)
FN:526,(anonymous_24)
FN:531,(anonymous_25)
FN:547,(anonymous_26)
FN:569,(anonymous_27)
FN:582,(anonymous_28)
FNF:18
FNH:17
FNDA:11,(anonymous_11)
FNDA:9,(anonymous_12)
FNDA:2,(anonymous_13)
FNDA:1,(anonymous_14)
FNDA:0,(anonymous_15)
FNDA:11,(anonymous_16)
FNDA:6,(anonymous_17)
FNDA:1,(anonymous_18)
FNDA:4,(anonymous_19)
FNDA:1,(anonymous_20)
FNDA:1,(anonymous_21)
FNDA:10,(anonymous_22)
FNDA:9,(anonymous_23)
FNDA:2,(anonymous_24)
FNDA:4,(anonymous_25)
FNDA:3,(anonymous_26)
FNDA:1,(anonymous_27)
FNDA:17,(anonymous_28)
DA:1,1
DA:2,1
DA:3,1
DA:4,1
DA:5,1
DA:6,1
DA:7,1
DA:8,1
DA:9,1
DA:10,1
DA:11,1
DA:29,1
DA:40,13
DA:42,4
DA:43,4
DA:44,4
DA:47,9
DA:49,9
DA:51,1
DA:52,1
DA:53,1
DA:56,8
DA:61,13
DA:66,12
DA:67,12
DA:68,1
DA:75,12
DA:76,2
DA:81,11
DA:82,11
DA:87,1
DA:88,1
DA:91,11
DA:93,11
DA:94,11
DA:95,11
DA:97,1
DA:98,1
DA:99,1
DA:102,11
DA:103,1
DA:106,10
DA:107,10
DA:108,10
DA:112,10
DA:113,10
DA:115,1
DA:116,1
DA:120,10
DA:121,9
DA:137,9
DA:138,1
DA:139,2
DA:149,9
DA:157,9
DA:159,1
DA:160,1
DA:162,1
DA:163,1
DA:166,9
DA:175,11
DA:183,11
DA:184,1
DA:187,10
DA:188,1
DA:192,9
DA:193,1
DA:197,8
DA:203,8
DA:204,8
DA:205,7
DA:206,7
DA:211,1
DA:212,1
DA:217,8
DA:220,8
DA:221,8
DA:224,8
DA:243,8
DA:244,1
DA:245,2
DA:259,8
DA:285,6
DA:287,6
DA:295,6
DA:296,1
DA:299,6
DA:300,1
DA:303,6
DA:304,1
DA:311,6
DA:333,6
DA:338,6
DA:353,4
DA:357,4
DA:358,1
DA:362,3
DA:363,1
DA:367,2
DA:368,1
DA:372,1
DA:381,2
DA:382,1
DA:383,1
DA:386,1
DA:393,10
DA:397,10
DA:398,1
DA:402,9
DA:403,1
DA:407,8
DA:408,1
DA:412,7
DA:414,7
DA:415,1
DA:418,7
DA:419,2
DA:424,2
DA:428,2
DA:431,7
DA:433,3
DA:437,3
DA:438,2
DA:442,2
DA:447,7
DA:448,2
DA:452,6
DA:454,6
DA:459,6
DA:466,9
DA:500,9
DA:501,1
DA:505,8
DA:506,4
DA:507,2
DA:510,2
DA:511,2
DA:512,1
DA:516,4
DA:517,1
DA:520,3
DA:521,1
DA:526,3
DA:530,3
DA:531,2
DA:532,4
DA:533,2
DA:539,3
DA:541,3
DA:548,3
DA:568,3
DA:569,2
DA:573,2
DA:576,3
DA:584,17
DA:585,17
DA:589,1
LF:157
LH:157
BRDA:40,0,0,4
BRDA:40,0,1,9
BRDA:40,1,0,13
BRDA:40,1,1,10
BRDA:49,2,0,1
BRDA:49,2,1,8
BRDA:67,3,0,1
BRDA:67,4,0,12
BRDA:67,4,1,1
BRDA:75,5,0,2
BRDA:84,6,0,11
BRDA:84,6,1,10
BRDA:95,7,0,1
BRDA:102,8,0,1
BRDA:107,9,0,10
BRDA:107,9,1,10
BRDA:137,10,0,1
BRDA:137,11,0,9
BRDA:137,11,1,1
BRDA:159,12,0,1
BRDA:183,13,0,1
BRDA:187,14,0,1
BRDA:192,15,0,1
BRDA:192,16,0,9
BRDA:192,16,1,2
BRDA:203,17,0,8
BRDA:203,17,1,7
BRDA:204,18,0,7
BRDA:208,19,0,7
BRDA:208,19,1,6
BRDA:217,20,0,8
BRDA:217,20,1,7
BRDA:220,21,0,7
BRDA:220,21,1,1
BRDA:221,22,0,7
BRDA:221,22,1,1
BRDA:229,23,0,8
BRDA:229,23,1,7
BRDA:233,24,0,1
BRDA:233,24,1,7
BRDA:243,25,0,1
BRDA:243,26,0,8
BRDA:243,26,1,1
BRDA:267,27,0,1
BRDA:280,28,0,3
BRDA:281,29,0,3
BRDA:282,30,0,5
BRDA:283,31,0,5
BRDA:295,32,0,1
BRDA:295,33,0,6
BRDA:295,33,1,2
BRDA:299,34,0,1
BRDA:299,35,0,6
BRDA:299,35,1,2
BRDA:303,36,0,1
BRDA:357,37,0,1
BRDA:362,38,0,1
BRDA:362,39,0,3
BRDA:362,39,1,1
BRDA:367,40,0,1
BRDA:397,41,0,1
BRDA:402,42,0,1
BRDA:402,43,0,9
BRDA:402,43,1,1
BRDA:407,44,0,1
BRDA:414,45,0,1
BRDA:418,46,0,2
BRDA:426,47,0,2
BRDA:426,47,1,1
BRDA:426,47,2,1
BRDA:431,48,0,3
BRDA:433,49,0,2
BRDA:433,49,1,1
BRDA:437,50,0,2
BRDA:440,51,0,2
BRDA:440,51,1,1
BRDA:447,52,0,2
BRDA:500,53,0,1
BRDA:505,54,0,4
BRDA:505,54,1,4
BRDA:506,55,0,2
BRDA:506,56,0,4
BRDA:506,56,1,3
BRDA:511,57,0,1
BRDA:516,58,0,1
BRDA:520,59,0,1
BRDA:520,60,0,3
BRDA:520,60,1,1
BRDA:530,61,0,2
BRDA:532,62,0,2
BRDA:532,62,1,2
BRDA:568,63,0,2
BRDA:585,64,0,1
BRDA:585,64,1,16
BRF:94
BRH:94
end_of_record
TN:
SF:src/services/judgment.service.ts
FN:46,(anonymous_1)
FN:53,(anonymous_2)
FN:106,(anonymous_3)
FN:117,(anonymous_4)
FN:191,(anonymous_5)
FN:247,(anonymous_6)
FN:259,(anonymous_7)
FN:264,(anonymous_8)
FN:267,(anonymous_9)
FN:276,(anonymous_10)
FN:343,(anonymous_11)
FNF:11
FNH:10
FNDA:25,(anonymous_1)
FNDA:25,(anonymous_2)
FNDA:1,(anonymous_3)
FNDA:1,(anonymous_4)
FNDA:8,(anonymous_5)
FNDA:1,(anonymous_6)
FNDA:18,(anonymous_7)
FNDA:4,(anonymous_8)
FNDA:0,(anonymous_9)
FNDA:8,(anonymous_10)
FNDA:4,(anonymous_11)
DA:1,2
DA:2,2
DA:3,2
DA:4,2
DA:5,2
DA:6,2
DA:7,2
DA:8,2
DA:9,2
DA:10,2
DA:26,2
DA:47,25
DA:48,25
DA:51,25
DA:55,25
DA:59,24
DA:60,1
DA:61,1
DA:65,23
DA:69,23
DA:70,1
DA:74,22
DA:75,21
DA:76,1
DA:79,1
DA:80,1
DA:81,1
DA:86,20
DA:87,20
DA:88,1
DA:92,19
DA:93,1
DA:94,1
DA:95,1
DA:96,1
DA:102,18
DA:103,18
DA:107,1
DA:115,18
DA:116,18
DA:117,18
DA:118,1
DA:119,1
DA:122,18
DA:123,18
DA:130,10
DA:131,10
DA:132,10
DA:133,10
DA:135,8
DA:136,8
DA:138,8
DA:139,8
DA:140,8
DA:141,2
DA:142,6
DA:143,1
DA:144,5
DA:145,1
DA:146,4
DA:147,1
DA:148,3
DA:149,1
DA:151,8
DA:153,8
DA:154,8
DA:162,7
DA:164,1
DA:170,8
DA:176,8
DA:177,2
DA:179,6
DA:181,18
DA:186,10
DA:187,10
DA:188,2
DA:191,8
DA:193,8
DA:196,8
DA:197,1
DA:201,7
DA:202,1
DA:205,6
DA:206,6
DA:219,4
DA:227,4
DA:230,2
DA:233,1
DA:236,1
DA:237,1
DA:238,1
DA:241,1
DA:246,6
DA:247,6
DA:248,1
DA:254,6
DA:256,6
DA:261,18
DA:262,4
DA:263,4
DA:264,4
DA:265,4
DA:266,4
DA:269,18
DA:278,8
DA:290,8
DA:291,1
DA:295,7
DA:296,5
DA:297,1
DA:301,4
DA:302,4
DA:303,1
DA:307,3
DA:308,1
DA:312,2
DA:313,1
DA:316,1
DA:317,1
DA:322,2
DA:332,2
DA:334,1
DA:337,1
DA:349,4
DA:356,4
DA:357,1
DA:361,3
DA:362,1
DA:366,2
DA:369,2
DA:384,2
DA:388,2
LF:132
LH:132
BRDA:59,0,0,1
BRDA:69,1,0,1
BRDA:74,2,0,21
BRDA:74,2,1,1
BRDA:75,3,0,1
BRDA:75,4,0,21
BRDA:75,4,1,21
BRDA:80,5,0,1
BRDA:80,6,0,1
BRDA:80,6,1,1
BRDA:80,6,2,1
BRDA:87,7,0,1
BRDA:92,8,0,1
BRDA:92,9,0,19
BRDA:92,9,1,1
BRDA:93,10,0,1
BRDA:93,10,1,1
BRDA:95,11,0,1
BRDA:102,12,0,18
BRDA:126,13,0,18
BRDA:126,13,1,1
BRDA:135,14,0,8
BRDA:135,14,1,2
BRDA:135,14,2,1
BRDA:140,15,0,2
BRDA:140,15,1,6
BRDA:140,16,0,8
BRDA:140,16,1,7
BRDA:140,16,2,7
BRDA:140,16,3,6
BRDA:140,16,4,6
BRDA:142,17,0,1
BRDA:142,17,1,5
BRDA:142,18,0,6
BRDA:142,18,1,6
BRDA:144,19,0,1
BRDA:144,19,1,4
BRDA:144,20,0,5
BRDA:144,20,1,5
BRDA:146,21,0,1
BRDA:146,21,1,3
BRDA:148,22,0,1
BRDA:176,23,0,2
BRDA:176,24,0,8
BRDA:176,24,1,7
BRDA:176,24,2,7
BRDA:176,24,3,6
BRDA:176,24,4,6
BRDA:187,25,0,2
BRDA:187,26,0,10
BRDA:187,26,1,8
BRDA:187,26,2,8
BRDA:196,27,0,1
BRDA:201,28,0,1
BRDA:230,29,0,1
BRDA:230,30,0,2
BRDA:230,30,1,1
BRDA:236,31,0,1
BRDA:246,32,0,6
BRDA:246,33,0,6
BRDA:246,33,1,6
BRDA:261,34,0,4
BRDA:265,35,0,4
BRDA:265,35,1,1
BRDA:290,36,0,1
BRDA:295,37,0,5
BRDA:295,37,1,2
BRDA:296,38,0,1
BRDA:296,39,0,5
BRDA:296,39,1,5
BRDA:302,40,0,1
BRDA:307,41,0,1
BRDA:312,42,0,1
BRDA:316,43,0,1
BRDA:316,44,0,1
BRDA:316,44,1,1
BRDA:332,45,0,1
BRDA:356,46,0,1
BRDA:361,47,0,1
BRDA:361,48,0,3
BRDA:361,48,1,2
BRDA:372,49,0,1
BRDA:372,49,1,1
BRF:83
BRH:83
end_of_record
TN:
SF:src/services/pairing.service.ts
FN:12,(anonymous_1)
FN:67,(anonymous_2)
FN:108,(anonymous_3)
FN:121,(anonymous_4)
FN:152,(anonymous_5)
FN:165,(anonymous_6)
FN:199,(anonymous_7)
FN:200,(anonymous_8)
FN:245,(anonymous_9)
FNF:9
FNH:9
FNDA:3,(anonymous_1)
FNDA:6,(anonymous_2)
FNDA:4,(anonymous_3)
FNDA:2,(anonymous_4)
FNDA:2,(anonymous_5)
FNDA:3,(anonymous_6)
FNDA:4,(anonymous_7)
FNDA:4,(anonymous_8)
FNDA:2,(anonymous_9)
DA:1,1
DA:2,1
DA:3,1
DA:4,1
DA:5,1
DA:6,1
DA:8,1
DA:14,3
DA:23,3
DA:24,1
DA:29,2
DA:30,2
DA:32,2
DA:33,11
DA:34,11
DA:38,11
DA:39,1
DA:41,11
DA:44,2
DA:45,1
DA:49,1
DA:59,1
DA:61,1
DA:69,6
DA:77,6
DA:78,1
DA:82,5
DA:83,1
DA:87,4
DA:88,1
DA:92,3
DA:93,1
DA:97,2
DA:106,2
DA:108,2
DA:109,4
DA:111,2
DA:122,2
DA:151,2
DA:152,1
DA:153,2
DA:155,1
DA:166,3
DA:176,3
DA:177,1
DA:180,2
DA:181,2
DA:182,1
DA:185,1
DA:193,1
DA:200,4
DA:201,4
DA:208,4
DA:209,1
DA:212,3
DA:213,3
DA:214,3
DA:220,3
DA:221,3
DA:222,1
DA:224,2
DA:225,1
DA:228,2
DA:246,2
DA:253,2
DA:257,1
LF:66
LH:66
BRDA:23,0,0,1
BRDA:32,1,0,13
BRDA:32,1,1,12
BRDA:38,2,0,1
BRDA:44,3,0,1
BRDA:77,4,0,1
BRDA:82,5,0,1
BRDA:82,6,0,5
BRDA:82,6,1,5
BRDA:87,7,0,1
BRDA:92,8,0,1
BRDA:109,9,0,2
BRDA:109,9,1,2
BRDA:151,10,0,1
BRDA:153,11,0,1
BRDA:153,11,1,1
BRDA:176,12,0,1
BRDA:180,13,0,2
BRDA:180,13,1,1
BRDA:181,14,0,1
BRDA:208,15,0,1
BRDA:221,16,0,1
BRDA:224,17,0,1
BRF:23
BRH:23
end_of_record
TN:
SF:src/services/session.service.ts
FN:7,(anonymous_1)
FN:14,(anonymous_2)
FN:39,(anonymous_3)
FN:60,(anonymous_4)
FN:77,(anonymous_5)
FN:84,(anonymous_6)
FN:89,(anonymous_7)
FN:110,(anonymous_8)
FN:126,(anonymous_9)
FN:138,(anonymous_10)
FN:153,(anonymous_11)
FN:168,(anonymous_12)
FN:185,(anonymous_13)
FN:199,(anonymous_14)
FNF:14
FNH:13
FNDA:12,(anonymous_1)
FNDA:5,(anonymous_2)
FNDA:6,(anonymous_3)
FNDA:2,(anonymous_4)
FNDA:1,(anonymous_5)
FNDA:1,(anonymous_6)
FNDA:0,(anonymous_7)
FNDA:5,(anonymous_8)
FNDA:1,(anonymous_9)
FNDA:2,(anonymous_10)
FNDA:2,(anonymous_11)
FNDA:2,(anonymous_12)
FNDA:5,(anonymous_13)
FNDA:5,(anonymous_14)
DA:1,1
DA:2,1
DA:3,1
DA:4,1
DA:5,1
DA:7,1
DA:8,12
DA:10,1
DA:15,5
DA:16,5
DA:18,5
DA:19,5
DA:26,4
DA:27,4
DA:29,1
DA:30,1
DA:40,6
DA:41,1
DA:44,5
DA:45,1
DA:48,4
DA:52,4
DA:53,1
DA:56,3
DA:57,3
DA:59,3
DA:60,3
DA:61,2
DA:73,2
DA:74,1
DA:80,2
DA:81,1
DA:87,2
DA:92,2
DA:97,2
DA:99,1
DA:103,1
DA:111,5
DA:112,1
DA:115,4
DA:119,4
DA:120,1
DA:124,3
DA:126,2
DA:129,2
DA:132,1
DA:139,2
DA:140,2
DA:145,1
DA:146,1
DA:154,2
DA:155,2
DA:160,1
DA:161,1
DA:169,2
DA:171,2
DA:172,2
DA:177,1
DA:186,5
DA:188,5
DA:194,5
DA:195,2
DA:198,3
DA:199,5
DA:202,2
DA:203,2
DA:206,2
DA:207,1
DA:214,2
DA:216,1
DA:217,1
DA:222,1
LF:72
LH:72
BRDA:40,0,0,1
BRDA:44,1,0,1
BRDA:52,2,0,1
BRDA:52,3,0,4
BRDA:52,3,1,3
BRDA:67,4,0,1
BRDA:67,4,1,1
BRDA:73,5,0,1
BRDA:80,6,0,1
BRDA:111,7,0,1
BRDA:119,8,0,1
BRDA:124,9,0,2
BRDA:185,10,0,1
BRDA:194,11,0,2
BRDA:202,12,0,2
BRDA:206,13,0,1
BRF:16
BRH:16
end_of_record
TN:
SF:src/utils/request.ts
FN:8,getAuthUserId
FN:15,getAuthUserIdOptional
FN:19,getRequestId
FN:23,getSessionId
FN:27,normalizeSessionHeaderValue
FN:34,getSessionIdFromSources
FNF:6
FNH:6
FNDA:3,getAuthUserId
FNDA:2,getAuthUserIdOptional
FNDA:2,getRequestId
FNDA:2,getSessionId
FNDA:9,normalizeSessionHeaderValue
FNDA:9,getSessionIdFromSources
DA:8,5
DA:9,3
DA:10,2
DA:12,1
DA:15,5
DA:16,2
DA:19,5
DA:20,2
DA:23,5
DA:24,2
DA:28,9
DA:29,1
DA:31,8
DA:34,5
DA:40,9
DA:41,9
DA:42,9
DA:44,9
LF:18
LH:18
BRDA:9,0,0,2
BRDA:20,1,0,2
BRDA:20,1,1,1
BRDA:28,2,0,1
BRDA:41,3,0,3
BRDA:41,3,1,6
BRDA:42,4,0,9
BRDA:42,4,1,6
BRDA:42,4,2,2
BRDA:45,5,0,9
BRDA:45,5,1,3
BRF:11
BRH:11
end_of_record
TN:
SF:src/utils/validation.ts
FN:12,(anonymous_1)
FN:38,(anonymous_2)
FN:47,(anonymous_3)
FN:67,(anonymous_4)
FN:78,(anonymous_5)
FN:89,(anonymous_6)
FN:110,(anonymous_7)
FNF:7
FNH:7
FNDA:32,(anonymous_1)
FNDA:10,(anonymous_2)
FNDA:10,(anonymous_3)
FNDA:3,(anonymous_4)
FNDA:2,(anonymous_5)
FNDA:5,(anonymous_6)
FNDA:4,(anonymous_7)
DA:5,3
DA:6,3
DA:8,3
DA:18,32
DA:19,1
DA:22,31
DA:24,31
DA:25,2
DA:28,29
DA:29,1
DA:32,28
DA:39,10
DA:40,1
DA:43,9
DA:44,2
DA:47,7
DA:48,10
DA:49,1
DA:53,9
DA:54,9
DA:56,2
DA:58,7
DA:59,1
DA:68,3
DA:70,3
DA:71,2
DA:79,2
DA:81,2
DA:82,1
DA:90,5
DA:91,1
DA:94,4
DA:95,1
DA:98,3
DA:99,1
DA:102,2
DA:103,1
DA:114,4
DA:118,1
DA:121,3
DA:122,1
DA:125,2
DA:126,2
DA:127,1
DA:133,3
DA:136,3
DA:144,3
DA:151,3
DA:158,3
DA:166,3
DA:172,3
DA:181,3
DA:190,3
DA:203,3
DA:210,3
DA:218,3
DA:224,3
DA:230,3
DA:239,3
DA:243,3
DA:250,3
DA:260,3
DA:264,3
DA:270,3
DA:276,3
LF:65
LH:65
BRDA:14,0,0,1
BRDA:15,1,0,15
BRDA:16,2,0,29
BRDA:18,3,0,1
BRDA:18,4,0,32
BRDA:18,4,1,31
BRDA:24,5,0,2
BRDA:28,6,0,1
BRDA:39,7,0,1
BRDA:43,8,0,2
BRDA:48,9,0,1
BRDA:48,10,0,10
BRDA:48,10,1,9
BRDA:58,11,0,1
BRDA:67,12,0,1
BRDA:70,13,0,2
BRDA:70,14,0,3
BRDA:70,14,1,3
BRDA:70,14,2,3
BRDA:81,15,0,1
BRDA:81,16,0,2
BRDA:81,16,1,2
BRDA:81,16,2,2
BRDA:90,17,0,1
BRDA:90,18,0,5
BRDA:90,18,1,4
BRDA:94,19,0,1
BRDA:98,20,0,1
BRDA:102,21,0,1
BRDA:114,22,0,1
BRDA:115,23,0,4
BRDA:115,23,1,3
BRDA:121,24,0,1
BRDA:121,25,0,3
BRDA:121,25,1,2
BRDA:126,26,0,1
BRF:36
BRH:36
end_of_record
